0 info it worked if it ends with ok
1 verbose cli [ 'd:\\softs\\nodejs\\node.exe',
1 verbose cli   'd:\\softs\\nodejs\\node_modules\\npm\\bin\\npm-cli.js',
1 verbose cli   'install',
1 verbose cli   '--save-dev',
1 verbose cli   'jQuery-1.11.1' ]
2 info using npm@2.5.1
3 info using node@v0.12.0
4 silly cache add args [ 'jQuery-1.11.1', null ]
5 verbose cache add spec jQuery-1.11.1
6 silly cache add parsed spec { raw: 'jQuery-1.11.1',
6 silly cache add   scope: null,
6 silly cache add   name: 'jQuery-1.11.1',
6 silly cache add   rawSpec: '',
6 silly cache add   spec: '*',
6 silly cache add   type: 'range' }
7 verbose addNamed jQuery-1.11.1@*
8 silly addNamed semver.valid null
9 silly addNamed semver.validRange *
10 silly addNameRange { name: 'jQuery-1.11.1', range: '*', hasData: false }
11 silly mapToRegistry name jQuery-1.11.1
12 silly mapToRegistry using default registry
13 silly mapToRegistry registry https://registry.npmjs.org/
14 silly mapToRegistry uri https://registry.npmjs.org/jQuery-1.11.1
15 verbose addNameRange registry:https://registry.npmjs.org/jQuery-1.11.1 not in flight; fetching
16 verbose request uri https://registry.npmjs.org/jQuery-1.11.1
17 verbose request no auth needed
18 info attempt registry request try #1 at 19:07:23
19 verbose request id 7274617bf1a795e9
20 http request GET https://registry.npmjs.org/jQuery-1.11.1
21 http 404 https://registry.npmjs.org/jQuery-1.11.1
22 verbose headers { date: 'Sat, 11 Apr 2015 11:08:11 GMT',
22 verbose headers   server: 'CouchDB/1.5.0 (Erlang OTP/R16B03)',
22 verbose headers   'content-type': 'application/json',
22 verbose headers   'cache-control': 'max-age=0',
22 verbose headers   'content-length': '51',
22 verbose headers   'accept-ranges': 'bytes',
22 verbose headers   via: '1.1 varnish',
22 verbose headers   age: '0',
22 verbose headers   'x-served-by': 'cache-hkg6826-HKG',
22 verbose headers   'x-cache': 'MISS',
22 verbose headers   'x-cache-hits': '0',
22 verbose headers   'x-timer': 'S1428750490.512834,VS0,VE624',
22 verbose headers   'keep-alive': 'timeout=10, max=50',
22 verbose headers   connection: 'Keep-Alive' }
23 silly get cb [ 404,
23 silly get   { date: 'Sat, 11 Apr 2015 11:08:11 GMT',
23 silly get     server: 'CouchDB/1.5.0 (Erlang OTP/R16B03)',
23 silly get     'content-type': 'application/json',
23 silly get     'cache-control': 'max-age=0',
23 silly get     'content-length': '51',
23 silly get     'accept-ranges': 'bytes',
23 silly get     via: '1.1 varnish',
23 silly get     age: '0',
23 silly get     'x-served-by': 'cache-hkg6826-HKG',
23 silly get     'x-cache': 'MISS',
23 silly get     'x-cache-hits': '0',
23 silly get     'x-timer': 'S1428750490.512834,VS0,VE624',
23 silly get     'keep-alive': 'timeout=10, max=50',
23 silly get     connection: 'Keep-Alive' } ]
24 verbose stack Error: 404 Not Found: jQuery-1.11.1
24 verbose stack     at CachingRegistryClient.<anonymous> (d:\softs\nodejs\node_modules\npm\node_modules\npm-registry-client\lib\request.js:251:14)
24 verbose stack     at Request._callback (d:\softs\nodejs\node_modules\npm\node_modules\npm-registry-client\lib\request.js:178:14)
24 verbose stack     at Request.self.callback (d:\softs\nodejs\node_modules\npm\node_modules\request\request.js:344:22)
24 verbose stack     at Request.emit (events.js:110:17)
24 verbose stack     at Request.<anonymous> (d:\softs\nodejs\node_modules\npm\node_modules\request\request.js:1239:14)
24 verbose stack     at Request.emit (events.js:129:20)
24 verbose stack     at IncomingMessage.<anonymous> (d:\softs\nodejs\node_modules\npm\node_modules\request\request.js:1187:12)
24 verbose stack     at IncomingMessage.emit (events.js:129:20)
24 verbose stack     at _stream_readable.js:908:16
24 verbose stack     at process._tickCallback (node.js:355:11)
25 verbose statusCode 404
26 verbose pkgid jQuery-1.11.1
27 verbose cwd e:\dev\PROJS\pluginDev\drag
28 error Windows_NT 6.1.7601
29 error argv "d:\\softs\\nodejs\\node.exe" "d:\\softs\\nodejs\\node_modules\\npm\\bin\\npm-cli.js" "install" "--save-dev" "jQuery-1.11.1"
30 error node v0.12.0
31 error npm  v2.5.1
32 error code E404
33 error 404 Not Found: jQuery-1.11.1
33 error 404
33 error 404 'jQuery-1.11.1' is not in the npm registry.
33 error 404 You should bug the author to publish it (or use the name yourself!)
33 error 404
33 error 404 Note that you can also install from a
33 error 404 tarball, folder, http url, or git url.
34 verbose exit [ 1, true ]
